<?xml version="1.0" encoding="UTF-8"?>
<!-- Generated by org.testng.reporters.JUnitXMLReporter -->
<testsuite hostname="Lenovo-PC" ignored="0" name="Test" tests="4" failures="0" timestamp="04 Nov 2018 09:46:46 GMT" time="0.128" errors="0">
  <testcase name="deleteTwitter" time="0.02" classname="qaclickacademy.Mavenjava2.RestAPITest"/>
  <testcase name="postJira" time="0.001" classname="qaclickacademy.Mavenjava2.RestAPITest"/>
  <testcase name="browserAutomation" time="0.002" classname="qaclickacademy.Mavenjava2.SeleniumTest"/>
  <testcase name="elementsUI" time="0.0" classname="qaclickacademy.Mavenjava2.SeleniumTest"/>
</testsuite> <!-- Test -->
