<?xml version="1.0" encoding="UTF-8"?>
<testng-results skipped="0" failed="0" ignored="0" total="4" passed="4">
  <reporter-output>
  </reporter-output>
  <suite name="Suite" duration-ms="128" started-at="2018-11-04T09:46:45Z" finished-at="2018-11-04T09:46:45Z">
    <groups>
    </groups>
    <test name="Test" duration-ms="128" started-at="2018-11-04T09:46:45Z" finished-at="2018-11-04T09:46:45Z">
      <class name="qaclickacademy.Mavenjava2.SeleniumTest">
        <test-method status="PASS" signature="browserAutomation()[pri:0, instance:qaclickacademy.Mavenjava2.SeleniumTest@327471b5]" name="browserAutomation" duration-ms="2" started-at="2018-11-04T09:46:45Z" finished-at="2018-11-04T09:46:45Z">
          <reporter-output>
          </reporter-output>
        </test-method> <!-- browserAutomation -->
        <test-method status="PASS" signature="elementsUI()[pri:0, instance:qaclickacademy.Mavenjava2.SeleniumTest@327471b5]" name="elementsUI" duration-ms="0" started-at="2018-11-04T09:46:45Z" finished-at="2018-11-04T09:46:45Z">
          <reporter-output>
          </reporter-output>
        </test-method> <!-- elementsUI -->
      </class> <!-- qaclickacademy.Mavenjava2.SeleniumTest -->
      <class name="qaclickacademy.Mavenjava2.RestAPITest">
        <test-method status="PASS" signature="deleteTwitter()[pri:0, instance:qaclickacademy.Mavenjava2.RestAPITest@68837a77]" name="deleteTwitter" duration-ms="20" started-at="2018-11-04T09:46:45Z" finished-at="2018-11-04T09:46:45Z">
          <reporter-output>
          </reporter-output>
        </test-method> <!-- deleteTwitter -->
        <test-method status="PASS" signature="postJira()[pri:0, instance:qaclickacademy.Mavenjava2.RestAPITest@68837a77]" name="postJira" duration-ms="1" started-at="2018-11-04T09:46:45Z" finished-at="2018-11-04T09:46:45Z">
          <reporter-output>
          </reporter-output>
        </test-method> <!-- postJira -->
      </class> <!-- qaclickacademy.Mavenjava2.RestAPITest -->
    </test> <!-- Test -->
  </suite> <!-- Suite -->
</testng-results>
